<?xml version="1.0" encoding="UTF-8"?>
<!-- Generated by org.testng.reporters.JUnitXMLReporter -->
<testsuite ignored="0" hostname="LAPTOP-ISQ7MUIO" failures="0" tests="3" name="Test" time="21.86" errors="0" timestamp="29 Aug 2020 08:40:04 GMT">
  <testcase classname="tests.LoginPageTest" name="verifyLoginPageTitle" time="0.129"/>
  <testcase classname="tests.LoginPageTest" name="loginAsAdminWithINCorrectCreds" time="4.337"/>
  <testcase classname="tests.LoginPageTest" name="loginAsAdminWithCorrectCreds" time="8.469"/>
</testsuite> <!-- Test -->
